<?xml version="1.0" encoding="UTF-8"?>
<!-- Generated by org.testng.reporters.JUnitReportReporter -->
<testsuite hostname="BOOK-8LL97F4QKR" failures="0" tests="2" name="testCases.TC002_LoginPage" time="8.154" errors="0" timestamp="2025-01-22T13:25:25 IST" skipped="0">
  <testcase classname="testCases.TC002_LoginPage" name="VerifyLogin" time="2.594"/>
  <testcase classname="testCases.TC002_LoginPage" name="VerifyLogin" time="5.560"/>
</testsuite> <!-- testCases.TC002_LoginPage -->
