<?xml version="1.0" encoding="UTF-8"?>
<!-- Generated by org.testng.reporters.JUnitReportReporter -->
<testsuite hostname="BOOK-8LL97F4QKR" failures="0" tests="1" name="testCases.TC002_LoginPage" time="1.290" errors="0" timestamp="2025-01-23T06:54:27 IST" skipped="0">
  <testcase classname="testCases.TC002_LoginPage" name="VerifyLogin" time="1.290"/>
</testsuite> <!-- testCases.TC002_LoginPage -->
